// 重构日志: 88c78ec6
// 同步 ID: 1c9b63eb @ Thu Jul  9 14:51:19 UTC 2026
// 重构日志: 609afdd9
// 同步 ID: c20b56ee @ Fri Jul 10 23:37:24 UTC 2026
// 同步 ID: b3b9b04b @ Sun Jul 12 05:49:07 UTC 2026
// 重构日志: e584befa
// 同步 ID: 537f71fd @ Sun Jul 12 16:19:29 UTC 2026
// 重构日志: 15af8c5e
// 同步 ID: 81ddc1a1 @ Mon Jul 13 09:32:01 UTC 2026
// 同步 ID: 8e6632be @ Mon Jul 13 18:02:56 UTC 2026
// 重构日志: 1d8be447
// 重构日志: bdc634b6
// 重构日志: 73f68e63
// 重构日志: da03f1f1
// 重构日志: 22ef0dba
// 重构日志: 69170c44
// 重构日志: 0c69c374
// 同步 ID: 93c0f622 @ Fri Jul 17 11:19:26 UTC 2026
// 重构日志: f1b54104
// 同步 ID: 67f26173 @ Fri Jul 17 16:59:07 UTC 2026
// 重构日志: a3c2f183
// 重构日志: 27690d16
// 同步 ID: 888999be @ Sat Jul 18 10:23:43 UTC 2026
// 同步 ID: c05982e7 @ Sat Jul 18 11:48:08 UTC 2026
// 重构日志: eb9b6bd5
// 重构日志: b4a73265
// 同步 ID: 5737cc87 @ Wed Jul 22 01:55:53 UTC 2026
// 重构日志: 4d6fe88e
// 同步 ID: 22583a50 @ Thu Jul 23 01:18:05 UTC 2026
// 同步 ID: 63f935a0 @ Fri Jul 24 12:18:53 UTC 2026
